<?xml version="1.0" encoding="UTF-8"?>
<testng-results skipped="0" failed="1" ignored="0" total="4" passed="3">
  <reporter-output>
  </reporter-output>
  <suite name="TestSuite" duration-ms="20974" started-at="2020-02-24T12:17:42 CET" finished-at="2020-02-24T12:18:03 CET">
    <groups>
    </groups>
    <test name="Test of OrangeHRM" duration-ms="20974" started-at="2020-02-24T12:17:42 CET" finished-at="2020-02-24T12:18:03 CET">
      <class name="testCase.TC_001_LoginDDT">
        <test-method status="PASS" signature="setUp(java.lang.String)[pri:0, instance:testCase.TC_001_LoginDDT@41a2befb]" name="setUp" is-config="true" duration-ms="8659" started-at="2020-02-24T12:17:42 CET" finished-at="2020-02-24T12:17:51 CET">
          <params>
            <param index="0">
              <value>
                <![CDATA[chrome]]>
              </value>
            </param>
          </params>
          <reporter-output>
          </reporter-output>
        </test-method> <!-- setUp -->
        <test-method status="FAIL" signature="loginDDT(java.lang.String, java.lang.String)[pri:0, instance:testCase.TC_001_LoginDDT@41a2befb]" name="loginDDT" duration-ms="4228" started-at="2020-02-24T12:17:53 CET" data-provider="LoginData" finished-at="2020-02-24T12:17:57 CET">
          <params>
            <param index="0">
              <value>
                <![CDATA[Testprofile]]>
              </value>
            </param>
            <param index="1">
              <value>
                <![CDATA[12345678]]>
              </value>
            </param>
          </params>
          <exception class="java.lang.AssertionError">
            <message>
              <![CDATA[did not expect to find [true] but found [false]]]>
            </message>
            <full-stacktrace>
              <![CDATA[java.lang.AssertionError: did not expect to find [true] but found [false]
at org.testng.Assert.fail(Assert.java:97)
at org.testng.Assert.failNotEquals(Assert.java:969)
at org.testng.Assert.assertTrue(Assert.java:43)
at org.testng.Assert.assertTrue(Assert.java:53)
at testCase.TC_001_LoginDDT.loginDDT(TC_001_LoginDDT.java:34)
at sun.reflect.NativeMethodAccessorImpl.invoke0(Native Method)
at sun.reflect.NativeMethodAccessorImpl.invoke(NativeMethodAccessorImpl.java:62)
at sun.reflect.DelegatingMethodAccessorImpl.invoke(DelegatingMethodAccessorImpl.java:43)
at java.lang.reflect.Method.invoke(Method.java:498)
at org.testng.internal.MethodInvocationHelper.invokeMethod(MethodInvocationHelper.java:133)
at org.testng.internal.TestInvoker.invokeMethod(TestInvoker.java:584)
at org.testng.internal.TestInvoker.invokeTestMethod(TestInvoker.java:172)
at org.testng.internal.MethodRunner.runInSequence(MethodRunner.java:46)
at org.testng.internal.TestInvoker$MethodInvocationAgent.invoke(TestInvoker.java:804)
at org.testng.internal.TestInvoker.invokeTestMethods(TestInvoker.java:145)
at org.testng.internal.TestMethodWorker.invokeTestMethods(TestMethodWorker.java:146)
at org.testng.internal.TestMethodWorker.run(TestMethodWorker.java:128)
at java.util.ArrayList.forEach(ArrayList.java:1257)
at org.testng.TestRunner.privateRun(TestRunner.java:770)
at org.testng.TestRunner.run(TestRunner.java:591)
at org.testng.SuiteRunner.runTest(SuiteRunner.java:402)
at org.testng.SuiteRunner.runSequentially(SuiteRunner.java:396)
at org.testng.SuiteRunner.privateRun(SuiteRunner.java:355)
at org.testng.SuiteRunner.run(SuiteRunner.java:304)
at org.testng.SuiteRunnerWorker.runSuite(SuiteRunnerWorker.java:53)
at org.testng.SuiteRunnerWorker.run(SuiteRunnerWorker.java:96)
at org.testng.TestNG.runSuitesSequentially(TestNG.java:1180)
at org.testng.TestNG.runSuitesLocally(TestNG.java:1102)
at org.testng.TestNG.runSuites(TestNG.java:1032)
at org.testng.TestNG.run(TestNG.java:1000)
at org.testng.remote.AbstractRemoteTestNG.run(AbstractRemoteTestNG.java:115)
at org.testng.remote.RemoteTestNG.initAndRun(RemoteTestNG.java:251)
at org.testng.remote.RemoteTestNG.main(RemoteTestNG.java:77)
]]>
            </full-stacktrace>
          </exception> <!-- java.lang.AssertionError -->
          <reporter-output>
          </reporter-output>
        </test-method> <!-- loginDDT -->
        <test-method status="PASS" signature="loginDDT(java.lang.String, java.lang.String)[pri:0, instance:testCase.TC_001_LoginDDT@41a2befb]" name="loginDDT" duration-ms="1786" started-at="2020-02-24T12:17:57 CET" data-provider="LoginData" finished-at="2020-02-24T12:17:59 CET">
          <params>
            <param index="0">
              <value>
                <![CDATA[admin]]>
              </value>
            </param>
            <param index="1">
              <value>
                <![CDATA[aaaaaaaaa]]>
              </value>
            </param>
          </params>
          <reporter-output>
          </reporter-output>
        </test-method> <!-- loginDDT -->
        <test-method status="PASS" signature="loginDDT(java.lang.String, java.lang.String)[pri:0, instance:testCase.TC_001_LoginDDT@41a2befb]" name="loginDDT" duration-ms="1217" started-at="2020-02-24T12:17:59 CET" data-provider="LoginData" finished-at="2020-02-24T12:18:00 CET">
          <params>
            <param index="0">
              <value>
                <![CDATA[aaaaaaaa]]>
              </value>
            </param>
            <param index="1">
              <value>
                <![CDATA[admin123]]>
              </value>
            </param>
          </params>
          <reporter-output>
          </reporter-output>
        </test-method> <!-- loginDDT -->
        <test-method status="PASS" signature="loginDDT(java.lang.String, java.lang.String)[pri:0, instance:testCase.TC_001_LoginDDT@41a2befb]" name="loginDDT" duration-ms="1625" started-at="2020-02-24T12:18:00 CET" data-provider="LoginData" finished-at="2020-02-24T12:18:02 CET">
          <params>
            <param index="0">
              <value>
                <![CDATA[aaaaaaaa]]>
              </value>
            </param>
            <param index="1">
              <value>
                <![CDATA[aaaaaaaaa]]>
              </value>
            </param>
          </params>
          <reporter-output>
          </reporter-output>
        </test-method> <!-- loginDDT -->
        <test-method status="PASS" signature="afterClass()[pri:0, instance:testCase.TC_001_LoginDDT@41a2befb]" name="afterClass" is-config="true" duration-ms="1057" started-at="2020-02-24T12:18:02 CET" finished-at="2020-02-24T12:18:03 CET">
          <reporter-output>
          </reporter-output>
        </test-method> <!-- afterClass -->
      </class> <!-- testCase.TC_001_LoginDDT -->
    </test> <!-- Test of OrangeHRM -->
  </suite> <!-- TestSuite -->
</testng-results>
